

Started GET "/" for 127.0.0.1 at 2014-07-06 17:08:04 -0400

ActiveRecord::PendingMigrationError (

Migrations are pending. To resolve this issue, run:

	bin/rake db:migrate RAILS_ENV=development

):
  activerecord (4.1.1) lib/active_record/migration.rb:389:in `check_pending!'
  activerecord (4.1.1) lib/active_record/migration.rb:377:in `call'
  actionpack (4.1.1) lib/action_dispatch/middleware/callbacks.rb:29:in `block in call'
  activesupport (4.1.1) lib/active_support/callbacks.rb:82:in `run_callbacks'
  actionpack (4.1.1) lib/action_dispatch/middleware/callbacks.rb:27:in `call'
  actionpack (4.1.1) lib/action_dispatch/middleware/reloader.rb:73:in `call'
  actionpack (4.1.1) lib/action_dispatch/middleware/remote_ip.rb:76:in `call'
  actionpack (4.1.1) lib/action_dispatch/middleware/debug_exceptions.rb:17:in `call'
  actionpack (4.1.1) lib/action_dispatch/middleware/show_exceptions.rb:30:in `call'
  railties (4.1.1) lib/rails/rack/logger.rb:38:in `call_app'
  railties (4.1.1) lib/rails/rack/logger.rb:20:in `block in call'
  activesupport (4.1.1) lib/active_support/tagged_logging.rb:68:in `block in tagged'
  activesupport (4.1.1) lib/active_support/tagged_logging.rb:26:in `tagged'
  activesupport (4.1.1) lib/active_support/tagged_logging.rb:68:in `tagged'
  railties (4.1.1) lib/rails/rack/logger.rb:20:in `call'
  actionpack (4.1.1) lib/action_dispatch/middleware/request_id.rb:21:in `call'
  rack (1.5.2) lib/rack/methodoverride.rb:21:in `call'
  rack (1.5.2) lib/rack/runtime.rb:17:in `call'
  activesupport (4.1.1) lib/active_support/cache/strategy/local_cache_middleware.rb:26:in `call'
  rack (1.5.2) lib/rack/lock.rb:17:in `call'
  actionpack (4.1.1) lib/action_dispatch/middleware/static.rb:64:in `call'
  rack (1.5.2) lib/rack/sendfile.rb:112:in `call'
  railties (4.1.1) lib/rails/engine.rb:514:in `call'
  railties (4.1.1) lib/rails/application.rb:144:in `call'
  rack (1.5.2) lib/rack/lock.rb:17:in `call'
  rack (1.5.2) lib/rack/content_length.rb:14:in `call'
  rack (1.5.2) lib/rack/handler/webrick.rb:60:in `service'
  /home/ernest/.rbenv/versions/2.1.2/lib/ruby/2.1.0/webrick/httpserver.rb:138:in `service'
  /home/ernest/.rbenv/versions/2.1.2/lib/ruby/2.1.0/webrick/httpserver.rb:94:in `run'
  /home/ernest/.rbenv/versions/2.1.2/lib/ruby/2.1.0/webrick/server.rb:295:in `block in start_thread'


  Rendered /home/ernest/.rbenv/versions/2.1.2/lib/ruby/gems/2.1.0/gems/actionpack-4.1.1/lib/action_dispatch/middleware/templates/rescues/_source.erb (0.8ms)
  Rendered /home/ernest/.rbenv/versions/2.1.2/lib/ruby/gems/2.1.0/gems/actionpack-4.1.1/lib/action_dispatch/middleware/templates/rescues/_trace.html.erb (1.3ms)
  Rendered /home/ernest/.rbenv/versions/2.1.2/lib/ruby/gems/2.1.0/gems/actionpack-4.1.1/lib/action_dispatch/middleware/templates/rescues/_request_and_response.html.erb (1.2ms)
  Rendered /home/ernest/.rbenv/versions/2.1.2/lib/ruby/gems/2.1.0/gems/actionpack-4.1.1/lib/action_dispatch/middleware/templates/rescues/diagnostics.erb within rescues/layout (77.2ms)
  [1m[36m (214.4ms)[0m  [1mCREATE TABLE "schema_migrations" ("version" varchar(255) NOT NULL) [0m
  [1m[35m (0.1ms)[0m  select sqlite_version(*)
  [1m[36m (171.3ms)[0m  [1mCREATE UNIQUE INDEX "unique_schema_migrations" ON "schema_migrations" ("version")[0m
  [1m[35mActiveRecord::SchemaMigration Load (0.3ms)[0m  SELECT "schema_migrations".* FROM "schema_migrations"
Migrating to CreateUsers (20140706032552)
  [1m[36m (0.1ms)[0m  [1mbegin transaction[0m
  [1m[35m (0.9ms)[0m  CREATE TABLE "users" ("id" INTEGER PRIMARY KEY AUTOINCREMENT NOT NULL, "first_name" varchar(255), "last_name" varchar(255), "password" varchar(255), "email" varchar(255), "type" varchar(255), "carrera" varchar(255), "credits" integer, "created_at" datetime, "updated_at" datetime) 
  [1m[36mSQL (0.5ms)[0m  [1mINSERT INTO "schema_migrations" ("version") VALUES (?)[0m  [["version", "20140706032552"]]
  [1m[35m (213.2ms)[0m  commit transaction
  [1m[36mActiveRecord::SchemaMigration Load (0.3ms)[0m  [1mSELECT "schema_migrations".* FROM "schema_migrations"[0m


Started GET "/" for 127.0.0.1 at 2014-07-06 17:08:37 -0400
  [1m[36mActiveRecord::SchemaMigration Load (0.3ms)[0m  [1mSELECT "schema_migrations".* FROM "schema_migrations"[0m
Processing by UsersController#index as HTML
Redirected to http://localhost:3000/login
Filter chain halted as :check_login rendered or redirected
Completed 302 Found in 20ms (ActiveRecord: 0.0ms)


Started GET "/login" for 127.0.0.1 at 2014-07-06 17:08:37 -0400
Processing by SessionsController#new as HTML
  Rendered sessions/new.html.erb within layouts/application (71.8ms)
Completed 200 OK in 1823ms (Views: 1822.5ms | ActiveRecord: 0.0ms)


Started GET "/assets/sessions.css?body=1" for 127.0.0.1 at 2014-07-06 17:08:39 -0400


Started GET "/assets/users.css?body=1" for 127.0.0.1 at 2014-07-06 17:08:39 -0400


Started GET "/assets/sessions.js?body=1" for 127.0.0.1 at 2014-07-06 17:08:39 -0400


Started GET "/assets/jquery.js?body=1" for 127.0.0.1 at 2014-07-06 17:08:39 -0400


Started GET "/assets/application.css?body=1" for 127.0.0.1 at 2014-07-06 17:08:39 -0400


Started GET "/assets/users.js?body=1" for 127.0.0.1 at 2014-07-06 17:08:39 -0400


Started GET "/assets/turbolinks.js?body=1" for 127.0.0.1 at 2014-07-06 17:08:39 -0400


Started GET "/assets/jquery_ujs.js?body=1" for 127.0.0.1 at 2014-07-06 17:08:39 -0400


Started GET "/assets/application.js?body=1" for 127.0.0.1 at 2014-07-06 17:08:39 -0400


Started GET "/login" for 127.0.0.1 at 2014-07-06 17:25:32 -0400
  [1m[36mActiveRecord::SchemaMigration Load (0.4ms)[0m  [1mSELECT "schema_migrations".* FROM "schema_migrations"[0m
Processing by SessionsController#new as HTML
  Rendered sessions/new.html.erb within layouts/application (23.4ms)
Completed 500 Internal Server Error in 118ms

ActionView::Template::Error (undefined method `full_title' for #<#<Class:0x007fd0acd059d8>:0x007fd0acd04e20>):
    1: doctype 5
    2: html
    3:   head
    4:     title ==full_title(yield(:title))
    5:     meta name="viewport" content="width=device-width, initial-scale=1.0"
    6:     ==stylesheet_link_tag "application", media: "all", "data-turbolinks-track" => true
    7:       == javascript_include_tag "application", "data-turbolinks-track" => true
  app/views/layouts/application.html.slim:4:in `_app_views_layouts_application_html_slim___3533099102648220035_70267114563700'


  Rendered /home/ernest/.rbenv/versions/2.1.2/lib/ruby/gems/2.1.0/gems/actionpack-4.1.1/lib/action_dispatch/middleware/templates/rescues/_trace.html.erb (2.8ms)
  Rendered /home/ernest/.rbenv/versions/2.1.2/lib/ruby/gems/2.1.0/gems/actionpack-4.1.1/lib/action_dispatch/middleware/templates/rescues/_request_and_response.html.erb (11.8ms)
  Rendered /home/ernest/.rbenv/versions/2.1.2/lib/ruby/gems/2.1.0/gems/actionpack-4.1.1/lib/action_dispatch/middleware/templates/rescues/template_error.html.erb within rescues/layout (33.2ms)


Started GET "/login" for 127.0.0.1 at 2014-07-06 17:26:16 -0400
Processing by SessionsController#new as HTML
  Rendered sessions/new.html.erb within layouts/application (1.8ms)
Completed 500 Internal Server Error in 20ms

ActionView::Template::Error (undefined method `full_title' for #<#<Class:0x007fd0acd059d8>:0x007fd0ad7ecc98>):
    1: doctype 5
    2: html
    3:   head
    4:     title ==full_title(yield(:title))
    5:     meta name="viewport" content="width=device-width, initial-scale=1.0"
    6:     ==stylesheet_link_tag "application", media: "all", "data-turbolinks-track" => true
    7:       == javascript_include_tag "application", "data-turbolinks-track" => true
  app/views/layouts/application.html.slim:4:in `_app_views_layouts_application_html_slim___3533099102648220035_70267114563700'


  Rendered /home/ernest/.rbenv/versions/2.1.2/lib/ruby/gems/2.1.0/gems/actionpack-4.1.1/lib/action_dispatch/middleware/templates/rescues/_trace.html.erb (1.6ms)
  Rendered /home/ernest/.rbenv/versions/2.1.2/lib/ruby/gems/2.1.0/gems/actionpack-4.1.1/lib/action_dispatch/middleware/templates/rescues/_request_and_response.html.erb (1.2ms)
  Rendered /home/ernest/.rbenv/versions/2.1.2/lib/ruby/gems/2.1.0/gems/actionpack-4.1.1/lib/action_dispatch/middleware/templates/rescues/template_error.html.erb within rescues/layout (16.5ms)


Started GET "/login" for 127.0.0.1 at 2014-07-06 17:26:17 -0400
Processing by SessionsController#new as HTML
  Rendered sessions/new.html.erb within layouts/application (3.8ms)
Completed 500 Internal Server Error in 25ms

ActionView::Template::Error (undefined method `full_title' for #<#<Class:0x007fd0acd059d8>:0x007fd0ad51ca68>):
    1: doctype 5
    2: html
    3:   head
    4:     title ==full_title(yield(:title))
    5:     meta name="viewport" content="width=device-width, initial-scale=1.0"
    6:     ==stylesheet_link_tag "application", media: "all", "data-turbolinks-track" => true
    7:       == javascript_include_tag "application", "data-turbolinks-track" => true
  app/views/layouts/application.html.slim:4:in `_app_views_layouts_application_html_slim___3533099102648220035_70267114563700'


  Rendered /home/ernest/.rbenv/versions/2.1.2/lib/ruby/gems/2.1.0/gems/actionpack-4.1.1/lib/action_dispatch/middleware/templates/rescues/_trace.html.erb (2.1ms)
  Rendered /home/ernest/.rbenv/versions/2.1.2/lib/ruby/gems/2.1.0/gems/actionpack-4.1.1/lib/action_dispatch/middleware/templates/rescues/_request_and_response.html.erb (1.3ms)
  Rendered /home/ernest/.rbenv/versions/2.1.2/lib/ruby/gems/2.1.0/gems/actionpack-4.1.1/lib/action_dispatch/middleware/templates/rescues/template_error.html.erb within rescues/layout (17.0ms)


Started GET "/login" for 127.0.0.1 at 2014-07-06 17:26:27 -0400
  [1m[36mActiveRecord::SchemaMigration Load (0.4ms)[0m  [1mSELECT "schema_migrations".* FROM "schema_migrations"[0m
Processing by SessionsController#new as HTML
  Rendered sessions/new.html.erb within layouts/application (23.8ms)
  Rendered layouts/_header.html.slim (10.5ms)
  Rendered layouts/_footer.html.slim (2.5ms)
Completed 200 OK in 4890ms (Views: 4874.8ms | ActiveRecord: 0.0ms)


Started GET "/assets/custume.css?body=1" for 127.0.0.1 at 2014-07-06 17:26:32 -0400


Started GET "/assets/sessions.css?body=1" for 127.0.0.1 at 2014-07-06 17:26:32 -0400


Started GET "/assets/users.css?body=1" for 127.0.0.1 at 2014-07-06 17:26:32 -0400


Started GET "/assets/application.css?body=1" for 127.0.0.1 at 2014-07-06 17:26:32 -0400


Started GET "/assets/bootstrap/glyphicons-halflings-regular.woff" for 127.0.0.1 at 2014-07-06 17:26:32 -0400


Started GET "/login" for 127.0.0.1 at 2014-07-06 17:28:31 -0400
Processing by SessionsController#new as HTML
  Rendered sessions/new.html.erb within layouts/application (1.5ms)
  Rendered layouts/_header.html.slim (6.3ms)
  Rendered layouts/_footer.html.slim (0.0ms)
Completed 200 OK in 23ms (Views: 22.2ms | ActiveRecord: 0.0ms)


Started GET "/assets/sessions.css?body=1" for 127.0.0.1 at 2014-07-06 17:28:31 -0400


Started GET "/assets/custume.css?body=1" for 127.0.0.1 at 2014-07-06 17:28:31 -0400


Started GET "/assets/users.css?body=1" for 127.0.0.1 at 2014-07-06 17:28:31 -0400


Started GET "/assets/application.css?body=1" for 127.0.0.1 at 2014-07-06 17:28:31 -0400


Started GET "/assets/bootstrap/glyphicons-halflings-regular.woff" for 127.0.0.1 at 2014-07-06 17:28:31 -0400


Started GET "/login" for 127.0.0.1 at 2014-07-06 17:28:32 -0400
Processing by SessionsController#new as HTML
  Rendered sessions/new.html.erb within layouts/application (2.1ms)
  Rendered layouts/_header.html.slim (0.4ms)
  Rendered layouts/_footer.html.slim (0.1ms)
Completed 200 OK in 33ms (Views: 32.1ms | ActiveRecord: 0.0ms)


Started GET "/assets/custume.css?body=1" for 127.0.0.1 at 2014-07-06 17:28:32 -0400


Started GET "/assets/sessions.css?body=1" for 127.0.0.1 at 2014-07-06 17:28:32 -0400


Started GET "/assets/users.css?body=1" for 127.0.0.1 at 2014-07-06 17:28:32 -0400


Started GET "/assets/application.css?body=1" for 127.0.0.1 at 2014-07-06 17:28:32 -0400


Started GET "/assets/bootstrap/glyphicons-halflings-regular.woff" for 127.0.0.1 at 2014-07-06 17:28:32 -0400


Started GET "/" for 127.0.0.1 at 2014-07-06 17:31:40 -0400
  [1m[36mActiveRecord::SchemaMigration Load (0.3ms)[0m  [1mSELECT "schema_migrations".* FROM "schema_migrations"[0m
Processing by HomeController#index as HTML
  Rendered home/index.html.slim within layouts/application (18.2ms)
  Rendered layouts/_header.html.slim (6.3ms)
  Rendered layouts/_footer.html.slim (2.3ms)
Completed 200 OK in 988ms (Views: 975.6ms | ActiveRecord: 0.0ms)


Started GET "/" for 127.0.0.1 at 2014-07-06 17:31:41 -0400
Processing by HomeController#index as HTML
  Rendered home/index.html.slim within layouts/application (0.1ms)
  Rendered layouts/_header.html.slim (0.3ms)
  Rendered layouts/_footer.html.slim (0.1ms)
Completed 200 OK in 16ms (Views: 15.0ms | ActiveRecord: 0.0ms)


Started GET "/" for 127.0.0.1 at 2014-07-06 17:31:41 -0400
Processing by HomeController#index as HTML
  Rendered home/index.html.slim within layouts/application (0.1ms)
  Rendered layouts/_header.html.slim (0.2ms)
  Rendered layouts/_footer.html.slim (0.1ms)
Completed 200 OK in 15ms (Views: 14.6ms | ActiveRecord: 0.0ms)


Started GET "/assets/custume.css?body=1" for 127.0.0.1 at 2014-07-06 17:31:41 -0400


Started GET "/assets/home.css?body=1" for 127.0.0.1 at 2014-07-06 17:31:41 -0400


Started GET "/assets/sessions.css?body=1" for 127.0.0.1 at 2014-07-06 17:31:41 -0400


Started GET "/assets/users.css?body=1" for 127.0.0.1 at 2014-07-06 17:31:41 -0400


Started GET "/assets/application.css?body=1" for 127.0.0.1 at 2014-07-06 17:31:41 -0400


Started GET "/assets/bootstrap/glyphicons-halflings-regular.woff" for 127.0.0.1 at 2014-07-06 17:31:41 -0400


Started GET "/" for 127.0.0.1 at 2014-07-06 17:32:35 -0400
Processing by HomeController#index as HTML
  Rendered home/index.html.slim within layouts/application (0.1ms)
  Rendered layouts/_header.html.slim (0.2ms)
  Rendered layouts/_footer.html.slim (0.0ms)
Completed 200 OK in 18ms (Views: 17.2ms | ActiveRecord: 0.0ms)


Started GET "/assets/custume.css?body=1" for 127.0.0.1 at 2014-07-06 17:32:35 -0400


Started GET "/assets/home.css?body=1" for 127.0.0.1 at 2014-07-06 17:32:35 -0400


Started GET "/assets/sessions.css?body=1" for 127.0.0.1 at 2014-07-06 17:32:35 -0400


Started GET "/assets/application.css?body=1" for 127.0.0.1 at 2014-07-06 17:32:35 -0400


Started GET "/assets/users.css?body=1" for 127.0.0.1 at 2014-07-06 17:32:35 -0400


Started GET "/assets/bootstrap/glyphicons-halflings-regular.woff" for 127.0.0.1 at 2014-07-06 17:32:35 -0400


Started GET "/" for 127.0.0.1 at 2014-07-06 17:32:35 -0400
Processing by HomeController#index as HTML
  Rendered home/index.html.slim within layouts/application (0.1ms)
  Rendered layouts/_header.html.slim (0.4ms)
  Rendered layouts/_footer.html.slim (0.1ms)
Completed 200 OK in 22ms (Views: 20.9ms | ActiveRecord: 0.0ms)


Started GET "/assets/custume.css?body=1" for 127.0.0.1 at 2014-07-06 17:32:35 -0400


Started GET "/assets/home.css?body=1" for 127.0.0.1 at 2014-07-06 17:32:35 -0400


Started GET "/assets/sessions.css?body=1" for 127.0.0.1 at 2014-07-06 17:32:35 -0400


Started GET "/assets/users.css?body=1" for 127.0.0.1 at 2014-07-06 17:32:35 -0400


Started GET "/assets/application.css?body=1" for 127.0.0.1 at 2014-07-06 17:32:35 -0400


Started GET "/assets/bootstrap/glyphicons-halflings-regular.woff" for 127.0.0.1 at 2014-07-06 17:32:35 -0400
  [1m[36mActiveRecord::SchemaMigration Load (0.3ms)[0m  [1mSELECT "schema_migrations".* FROM "schema_migrations"[0m
Migrating to AddIndexToUsersEmail (20140706222251)
  [1m[35m (0.1ms)[0m  begin transaction
  [1m[36m (0.1ms)[0m  [1mselect sqlite_version(*)[0m
  [1m[35m (0.7ms)[0m  CREATE UNIQUE INDEX "index_users_on_email" ON "users" ("email")
  [1m[36mSQL (1.2ms)[0m  [1mINSERT INTO "schema_migrations" ("version") VALUES (?)[0m  [["version", "20140706222251"]]
  [1m[35m (273.9ms)[0m  commit transaction
  [1m[36mActiveRecord::SchemaMigration Load (0.3ms)[0m  [1mSELECT "schema_migrations".* FROM "schema_migrations"[0m
  [1m[35m (0.3ms)[0m              SELECT sql
            FROM sqlite_master
            WHERE name='index_users_on_email' AND type='index'
            UNION ALL
            SELECT sql
            FROM sqlite_temp_master
            WHERE name='index_users_on_email' AND type='index'

  [1m[36mActiveRecord::SchemaMigration Load (0.3ms)[0m  [1mSELECT "schema_migrations".* FROM "schema_migrations"[0m
Migrating to AddPasswordDigestToUsers (20140706222627)
  [1m[35m (0.1ms)[0m  begin transaction
  [1m[36m (0.9ms)[0m  [1mALTER TABLE "users" ADD "password_digest" varchar(255)[0m
  [1m[35mSQL (1.2ms)[0m  INSERT INTO "schema_migrations" ("version") VALUES (?)  [["version", "20140706222627"]]
  [1m[36m (246.4ms)[0m  [1mcommit transaction[0m
  [1m[35mActiveRecord::SchemaMigration Load (0.5ms)[0m  SELECT "schema_migrations".* FROM "schema_migrations"
  [1m[36m (0.5ms)[0m  [1m            SELECT sql
            FROM sqlite_master
            WHERE name='index_users_on_email' AND type='index'
            UNION ALL
            SELECT sql
            FROM sqlite_temp_master
            WHERE name='index_users_on_email' AND type='index'
[0m
  [1m[36mActiveRecord::SchemaMigration Load (0.3ms)[0m  [1mSELECT "schema_migrations".* FROM "schema_migrations"[0m
  [1m[35mActiveRecord::SchemaMigration Load (0.2ms)[0m  SELECT "schema_migrations".* FROM "schema_migrations"
  [1m[36m (0.2ms)[0m  [1m            SELECT sql
            FROM sqlite_master
            WHERE name='index_users_on_email' AND type='index'
            UNION ALL
            SELECT sql
            FROM sqlite_temp_master
            WHERE name='index_users_on_email' AND type='index'
[0m
  [1m[36m (213.4ms)[0m  [1mCREATE TABLE "schema_migrations" ("version" varchar(255) NOT NULL) [0m
  [1m[35m (0.1ms)[0m  select sqlite_version(*)
  [1m[36m (240.7ms)[0m  [1mCREATE UNIQUE INDEX "unique_schema_migrations" ON "schema_migrations" ("version")[0m
  [1m[35mActiveRecord::SchemaMigration Load (0.4ms)[0m  SELECT "schema_migrations".* FROM "schema_migrations"
Migrating to CreateUsers (20140706032552)
  [1m[36m (0.2ms)[0m  [1mbegin transaction[0m
  [1m[35m (1.5ms)[0m  CREATE TABLE "users" ("id" INTEGER PRIMARY KEY AUTOINCREMENT NOT NULL, "first_name" varchar(255), "last_name" varchar(255), "password" varchar(255), "email" varchar(255), "type" varchar(255), "career" varchar(255), "extra_credits" integer, "created_at" datetime, "updated_at" datetime) 
  [1m[36mSQL (0.6ms)[0m  [1mINSERT INTO "schema_migrations" ("version") VALUES (?)[0m  [["version", "20140706032552"]]
  [1m[35m (208.0ms)[0m  commit transaction
Migrating to AddIndexToUsersEmail (20140706222251)
  [1m[36m (0.1ms)[0m  [1mbegin transaction[0m
  [1m[35m (1.0ms)[0m  CREATE UNIQUE INDEX "index_users_on_email" ON "users" ("email")
  [1m[36mSQL (0.5ms)[0m  [1mINSERT INTO "schema_migrations" ("version") VALUES (?)[0m  [["version", "20140706222251"]]
  [1m[35m (182.9ms)[0m  commit transaction
  [1m[36mActiveRecord::SchemaMigration Load (0.3ms)[0m  [1mSELECT "schema_migrations".* FROM "schema_migrations"[0m
  [1m[35m (0.2ms)[0m              SELECT sql
            FROM sqlite_master
            WHERE name='index_users_on_email' AND type='index'
            UNION ALL
            SELECT sql
            FROM sqlite_temp_master
            WHERE name='index_users_on_email' AND type='index'

